
$ ./packer build \
    -var 'aws_access_key=secret' \
    -var 'aws_secret_key=secret' \
    -var 'aws_region=us-east-1' \
    -var 'subnet_id=subnet-4e1db42a' \
    packer.json
amazon-ebs output will be in this color.

==> amazon-ebs: Prevalidating AMI Name: csye6225_1549728954
    amazon-ebs: Found Image ID: ami-012fd5eb46f56731f
==> amazon-ebs: Creating temporary keypair: packer_5c5efcba-67ef-7d0d-61c4-bec389ceb9b3
==> amazon-ebs: Creating temporary security group for this instance: packer_5c5efcbc-1a2a-865f-94ea-fb49ba438351
==> amazon-ebs: Authorizing access to port 22 from 0.0.0.0/0 in the temporary security group...
==> amazon-ebs: Launching a source AWS instance...
==> amazon-ebs: Adding tags to source instance
    amazon-ebs: Adding tag: "Name": "Packer Builder"
    amazon-ebs: Instance ID: i-0feca11ba239dfd78
==> amazon-ebs: Waiting for instance (i-0feca11ba239dfd78) to become ready...
==> amazon-ebs: Using ssh communicator to connect: 34.205.85.108
==> amazon-ebs: Waiting for SSH to become available...
==> amazon-ebs: Connected to SSH!
==> amazon-ebs: Provisioning with shell script: /var/folders/n6/5tfrp34s4y1d7l2mnlf40my40000gn/T/packer-shell486381595
    amazon-ebs:
    amazon-ebs: WARNING: apt does not have a stable CLI interface. Use with caution in scripts.
    amazon-ebs:
    amazon-ebs: Get:1 http://security.ubuntu.com/ubuntu bionic-security InRelease [88.7 kB]
    amazon-ebs: Hit:2 http://archive.ubuntu.com/ubuntu bionic InRelease
    amazon-ebs: Get:3 http://archive.ubuntu.com/ubuntu bionic-updates InRelease [88.7 kB]
    amazon-ebs: Get:4 http://archive.ubuntu.com/ubuntu bionic-backports InRelease [74.6 kB]
    amazon-ebs: Get:5 http://security.ubuntu.com/ubuntu bionic-security/main amd64 Packages [266 kB]
    amazon-ebs: Get:6 http://archive.ubuntu.com/ubuntu bionic/universe amd64 Packages [8570 kB]
    amazon-ebs: Get:7 http://security.ubuntu.com/ubuntu bionic-security/main Translation-en [99.6 kB]
    amazon-ebs: Get:8 http://security.ubuntu.com/ubuntu bionic-security/universe amd64 Packages [119 kB]
    amazon-ebs: Get:9 http://security.ubuntu.com/ubuntu bionic-security/universe Translation-en [67.3 kB]
    amazon-ebs: Get:10 http://security.ubuntu.com/ubuntu bionic-security/multiverse amd64 Packages [3332 B]
    amazon-ebs: Get:11 http://security.ubuntu.com/ubuntu bionic-security/multiverse Translation-en [1848 B]
    amazon-ebs: Get:12 http://archive.ubuntu.com/ubuntu bionic/universe Translation-en [4941 kB]
    amazon-ebs: Get:13 http://archive.ubuntu.com/ubuntu bionic/multiverse amd64 Packages [151 kB]
    amazon-ebs: Get:14 http://archive.ubuntu.com/ubuntu bionic/multiverse Translation-en [108 kB]
    amazon-ebs: Get:15 http://archive.ubuntu.com/ubuntu bionic-updates/main amd64 Packages [523 kB]
    amazon-ebs: Get:16 http://archive.ubuntu.com/ubuntu bionic-updates/main Translation-en [195 kB]
    amazon-ebs: Get:17 http://archive.ubuntu.com/ubuntu bionic-updates/universe amd64 Packages [727 kB]
    amazon-ebs: Get:18 http://archive.ubuntu.com/ubuntu bionic-updates/universe Translation-en [184 kB]
    amazon-ebs: Get:19 http://archive.ubuntu.com/ubuntu bionic-updates/multiverse amd64 Packages [6388 B]
    amazon-ebs: Get:20 http://archive.ubuntu.com/ubuntu bionic-updates/multiverse Translation-en [3452 B]
    amazon-ebs: Get:21 http://archive.ubuntu.com/ubuntu bionic-backports/universe amd64 Packages [4308 B]
    amazon-ebs: Get:22 http://archive.ubuntu.com/ubuntu bionic-backports/universe Translation-en [1604 B]
    amazon-ebs: Fetched 16.2 MB in 6s (2695 kB/s)
    amazon-ebs: Reading package lists...
    amazon-ebs: Building dependency tree...
    amazon-ebs: Reading state information...
    amazon-ebs: 43 packages can be upgraded. Run 'apt list --upgradable' to see them.
    amazon-ebs: Reading package lists...
    amazon-ebs: Building dependency tree...
    amazon-ebs: Reading state information...
    amazon-ebs: The following additional packages will be installed:
    amazon-ebs:   apache2-bin apache2-data apache2-utils authbind ca-certificates-java
    amazon-ebs:   default-jre-headless fontconfig-config fonts-dejavu-core java-common libapr1
    amazon-ebs:   libaprutil1 libaprutil1-dbd-sqlite3 libaprutil1-ldap libavahi-client3
    amazon-ebs:   libavahi-common-data libavahi-common3 libcommons-collections3-java
    amazon-ebs:   libcommons-dbcp-java libcommons-pool-java libcups2 libecj-java
    amazon-ebs:   libfontconfig1 libjpeg-turbo8 libjpeg8 liblcms2-2 liblua5.2-0 libnspr4
    amazon-ebs:   libnss3 libpcsclite1 libtaglibs-standard-impl-java
    amazon-ebs:   libtaglibs-standard-spec-java libtcnative-1 libtomcat8-java libxi6
    amazon-ebs:   libxrender1 libxtst6 openjdk-11-jre-headless ssl-cert tomcat8-common
    amazon-ebs:   x11-common
    amazon-ebs: Suggested packages:
    amazon-ebs:   www-browser apache2-doc apache2-suexec-pristine | apache2-suexec-custom
    amazon-ebs:   default-jre libcommons-collections3-java-doc libcommons-dbcp-java-doc
    amazon-ebs:   libgeronimo-jta-1.1-spec-java cups-common ant ecj liblcms2-utils pcscd
    amazon-ebs:   libnss-mdns fonts-dejavu-extra fonts-ipafont-gothic fonts-ipafont-mincho
    amazon-ebs:   fonts-wqy-microhei | fonts-wqy-zenhei fonts-indic openssl-blacklist
    amazon-ebs:   tomcat8-user
    amazon-ebs: The following NEW packages will be installed:
    amazon-ebs:   apache2 apache2-bin apache2-data apache2-utils authbind ca-certificates-java
    amazon-ebs:   default-jre-headless fontconfig-config fonts-dejavu-core java-common libapr1
    amazon-ebs:   libaprutil1 libaprutil1-dbd-sqlite3 libaprutil1-ldap libavahi-client3
    amazon-ebs:   libavahi-common-data libavahi-common3 libcommons-collections3-java
    amazon-ebs:   libcommons-dbcp-java libcommons-pool-java libcups2 libecj-java
    amazon-ebs:   libfontconfig1 libjpeg-turbo8 libjpeg8 liblcms2-2 liblua5.2-0 libnspr4
    amazon-ebs:   libnss3 libpcsclite1 libtaglibs-standard-impl-java
    amazon-ebs:   libtaglibs-standard-spec-java libtcnative-1 libtomcat8-java libxi6
    amazon-ebs:   libxrender1 libxtst6 openjdk-11-jre-headless ssl-cert tomcat8 tomcat8-admin
    amazon-ebs:   tomcat8-common tomcat8-docs tomcat8-examples x11-common
    amazon-ebs: 0 upgraded, 45 newly installed, 0 to remove and 43 not upgraded.
    amazon-ebs: Need to get 53.3 MB of archives.
    amazon-ebs: After this operation, 216 MB of additional disk space will be used.
    amazon-ebs: Get:1 http://archive.ubuntu.com/ubuntu bionic/main amd64 libapr1 amd64 1.6.3-2 [90.9 kB]
    amazon-ebs: Get:2 http://archive.ubuntu.com/ubuntu bionic/main amd64 libaprutil1 amd64 1.6.1-2 [84.4 kB]
    amazon-ebs: Get:3 http://archive.ubuntu.com/ubuntu bionic/main amd64 libaprutil1-dbd-sqlite3 amd64 1.6.1-2 [10.6 kB]
    amazon-ebs: Get:4 http://archive.ubuntu.com/ubuntu bionic/main amd64 libaprutil1-ldap amd64 1.6.1-2 [8764 B]
    amazon-ebs: Get:5 http://archive.ubuntu.com/ubuntu bionic/main amd64 liblua5.2-0 amd64 5.2.4-1.1build1 [108 kB]
    amazon-ebs: Get:6 http://archive.ubuntu.com/ubuntu bionic-updates/main amd64 apache2-bin amd64 2.4.29-1ubuntu4.5 [1071 kB]
    amazon-ebs: Get:7 http://archive.ubuntu.com/ubuntu bionic-updates/main amd64 apache2-utils amd64 2.4.29-1ubuntu4.5 [83.3 kB]
    amazon-ebs: Get:8 http://archive.ubuntu.com/ubuntu bionic-updates/main amd64 apache2-data all 2.4.29-1ubuntu4.5 [160 kB]
    amazon-ebs: Get:9 http://archive.ubuntu.com/ubuntu bionic-updates/main amd64 apache2 amd64 2.4.29-1ubuntu4.5 [95.1 kB]
    amazon-ebs: Get:10 http://archive.ubuntu.com/ubuntu bionic-updates/main amd64 libjpeg-turbo8 amd64 1.5.2-0ubuntu5.18.04.1 [110 kB]
    amazon-ebs: Get:11 http://archive.ubuntu.com/ubuntu bionic/main amd64 java-common all 0.63ubuntu1~02 [7032 B]
    amazon-ebs: Get:12 http://archive.ubuntu.com/ubuntu bionic-updates/main amd64 libavahi-common-data amd64 0.7-3.1ubuntu1.2 [22.1 kB]
    amazon-ebs: Get:13 http://archive.ubuntu.com/ubuntu bionic-updates/main amd64 libavahi-common3 amd64 0.7-3.1ubuntu1.2 [21.6 kB]
    amazon-ebs: Get:14 http://archive.ubuntu.com/ubuntu bionic-updates/main amd64 libavahi-client3 amd64 0.7-3.1ubuntu1.2 [25.2 kB]
    amazon-ebs: Get:15 http://archive.ubuntu.com/ubuntu bionic-updates/main amd64 libcups2 amd64 2.2.7-1ubuntu2.3 [211 kB]
    amazon-ebs: Get:16 http://archive.ubuntu.com/ubuntu bionic-updates/main amd64 liblcms2-2 amd64 2.9-1ubuntu0.1 [139 kB]
    amazon-ebs: Get:17 http://archive.ubuntu.com/ubuntu bionic/main amd64 libjpeg8 amd64 8c-2ubuntu8 [2194 B]
    amazon-ebs: Get:18 http://archive.ubuntu.com/ubuntu bionic/main amd64 fonts-dejavu-core all 2.37-1 [1041 kB]
    amazon-ebs: Get:19 http://archive.ubuntu.com/ubuntu bionic/main amd64 fontconfig-config all 2.12.6-0ubuntu2 [55.8 kB]
    amazon-ebs: Get:20 http://archive.ubuntu.com/ubuntu bionic/main amd64 libfontconfig1 amd64 2.12.6-0ubuntu2 [137 kB]
    amazon-ebs: Get:21 http://archive.ubuntu.com/ubuntu bionic/main amd64 libnspr4 amd64 2:4.18-1ubuntu1 [112 kB]
    amazon-ebs: Get:22 http://archive.ubuntu.com/ubuntu bionic-updates/main amd64 libnss3 amd64 2:3.35-2ubuntu2.1 [1135 kB]
    amazon-ebs: Get:23 http://archive.ubuntu.com/ubuntu bionic/main amd64 libpcsclite1 amd64 1.8.23-1 [21.3 kB]
    amazon-ebs: Get:24 http://archive.ubuntu.com/ubuntu bionic/main amd64 libxi6 amd64 2:1.7.9-1 [29.2 kB]
    amazon-ebs: Get:25 http://archive.ubuntu.com/ubuntu bionic/main amd64 libxrender1 amd64 1:0.9.10-1 [18.7 kB]
    amazon-ebs: Get:26 http://archive.ubuntu.com/ubuntu bionic-updates/main amd64 x11-common all 1:7.7+19ubuntu7.1 [22.5 kB]
    amazon-ebs: Get:27 http://archive.ubuntu.com/ubuntu bionic/main amd64 libxtst6 amd64 2:1.2.3-1 [12.8 kB]
    amazon-ebs: Get:28 http://archive.ubuntu.com/ubuntu bionic-updates/main amd64 openjdk-11-jre-headless amd64 10.0.2+13-1ubuntu0.18.04.4 [39.5 MB]
    amazon-ebs: Get:29 http://archive.ubuntu.com/ubuntu bionic/main amd64 default-jre-headless amd64 2:1.10-63ubuntu1~02 [3412 B]
    amazon-ebs: Get:30 http://archive.ubuntu.com/ubuntu bionic-updates/main amd64 ca-certificates-java all 20180516ubuntu1~18.04.1 [12.2 kB]
    amazon-ebs: Get:31 http://archive.ubuntu.com/ubuntu bionic/universe amd64 libcommons-collections3-java all 3.2.2-1 [599 kB]
    amazon-ebs: Get:32 http://archive.ubuntu.com/ubuntu bionic/universe amd64 libcommons-pool-java all 1.6-3 [104 kB]
    amazon-ebs: Get:33 http://archive.ubuntu.com/ubuntu bionic/universe amd64 libcommons-dbcp-java all 1.4-5ubuntu2 [148 kB]
    amazon-ebs: Get:34 http://archive.ubuntu.com/ubuntu bionic/universe amd64 libecj-java all 3.13.3-1 [1737 kB]
    amazon-ebs: Get:35 http://archive.ubuntu.com/ubuntu bionic/universe amd64 libtaglibs-standard-spec-java all 1.2.5-2 [34.3 kB]
    amazon-ebs: Get:36 http://archive.ubuntu.com/ubuntu bionic/universe amd64 libtaglibs-standard-impl-java all 1.2.5-2 [178 kB]
    amazon-ebs: Get:37 http://archive.ubuntu.com/ubuntu bionic-updates/universe amd64 libtomcat8-java all 8.5.30-1ubuntu1.4 [4910 kB]
    amazon-ebs: Get:38 http://archive.ubuntu.com/ubuntu bionic/main amd64 ssl-cert all 1.0.39 [17.0 kB]
    amazon-ebs: Get:39 http://archive.ubuntu.com/ubuntu bionic-updates/universe amd64 tomcat8-common all 8.5.30-1ubuntu1.4 [59.0 kB]
    amazon-ebs: Get:40 http://archive.ubuntu.com/ubuntu bionic-updates/universe amd64 tomcat8 all 8.5.30-1ubuntu1.4 [45.0 kB]
    amazon-ebs: Get:41 http://archive.ubuntu.com/ubuntu bionic-updates/universe amd64 tomcat8-admin all 8.5.30-1ubuntu1.4 [27.9 kB]
    amazon-ebs: Get:42 http://archive.ubuntu.com/ubuntu bionic-updates/universe amd64 tomcat8-docs all 8.5.30-1ubuntu1.4 [638 kB]
    amazon-ebs: Get:43 http://archive.ubuntu.com/ubuntu bionic-updates/universe amd64 tomcat8-examples all 8.5.30-1ubuntu1.4 [386 kB]
    amazon-ebs: Get:44 http://archive.ubuntu.com/ubuntu bionic/main amd64 authbind amd64 2.1.2 [17.9 kB]
    amazon-ebs: Get:45 http://archive.ubuntu.com/ubuntu bionic/universe amd64 libtcnative-1 amd64 1.2.16-1build1 [79.9 kB]
    amazon-ebs: debconf: unable to initialize frontend: Dialog
    amazon-ebs: debconf: (Dialog frontend will not work on a dumb terminal, an emacs shell buffer, or without a controlling terminal.)
    amazon-ebs: debconf: falling back to frontend: Readline
    amazon-ebs: debconf: unable to initialize frontend: Readline
    amazon-ebs: debconf: (This frontend requires a controlling tty.)
    amazon-ebs: debconf: falling back to frontend: Teletype
    amazon-ebs: dpkg-preconfigure: unable to re-open stdin:
    amazon-ebs: Fetched 53.3 MB in 10s (5271 kB/s)
    amazon-ebs: Selecting previously unselected package libapr1:amd64.
    amazon-ebs: (Reading database ... 56564 files and directories currently installed.)
    amazon-ebs: Preparing to unpack .../00-libapr1_1.6.3-2_amd64.deb ...
    amazon-ebs: Unpacking libapr1:amd64 (1.6.3-2) ...
    amazon-ebs: Selecting previously unselected package libaprutil1:amd64.
    amazon-ebs: Preparing to unpack .../01-libaprutil1_1.6.1-2_amd64.deb ...
    amazon-ebs: Unpacking libaprutil1:amd64 (1.6.1-2) ...
    amazon-ebs: Selecting previously unselected package libaprutil1-dbd-sqlite3:amd64.
    amazon-ebs: Preparing to unpack .../02-libaprutil1-dbd-sqlite3_1.6.1-2_amd64.deb ...
    amazon-ebs: Unpacking libaprutil1-dbd-sqlite3:amd64 (1.6.1-2) ...
    amazon-ebs: Selecting previously unselected package libaprutil1-ldap:amd64.
    amazon-ebs: Preparing to unpack .../03-libaprutil1-ldap_1.6.1-2_amd64.deb ...
    amazon-ebs: Unpacking libaprutil1-ldap:amd64 (1.6.1-2) ...
    amazon-ebs: Selecting previously unselected package liblua5.2-0:amd64.
    amazon-ebs: Preparing to unpack .../04-liblua5.2-0_5.2.4-1.1build1_amd64.deb ...
    amazon-ebs: Unpacking liblua5.2-0:amd64 (5.2.4-1.1build1) ...
    amazon-ebs: Selecting previously unselected package apache2-bin.
    amazon-ebs: Preparing to unpack .../05-apache2-bin_2.4.29-1ubuntu4.5_amd64.deb ...
    amazon-ebs: Unpacking apache2-bin (2.4.29-1ubuntu4.5) ...
    amazon-ebs: Selecting previously unselected package apache2-utils.
    amazon-ebs: Preparing to unpack .../06-apache2-utils_2.4.29-1ubuntu4.5_amd64.deb ...
    amazon-ebs: Unpacking apache2-utils (2.4.29-1ubuntu4.5) ...
    amazon-ebs: Selecting previously unselected package apache2-data.
    amazon-ebs: Preparing to unpack .../07-apache2-data_2.4.29-1ubuntu4.5_all.deb ...
    amazon-ebs: Unpacking apache2-data (2.4.29-1ubuntu4.5) ...
    amazon-ebs: Selecting previously unselected package apache2.
    amazon-ebs: Preparing to unpack .../08-apache2_2.4.29-1ubuntu4.5_amd64.deb ...
    amazon-ebs: Unpacking apache2 (2.4.29-1ubuntu4.5) ...
    amazon-ebs: Selecting previously unselected package libjpeg-turbo8:amd64.
    amazon-ebs: Preparing to unpack .../09-libjpeg-turbo8_1.5.2-0ubuntu5.18.04.1_amd64.deb ...
    amazon-ebs: Unpacking libjpeg-turbo8:amd64 (1.5.2-0ubuntu5.18.04.1) ...
    amazon-ebs: Selecting previously unselected package java-common.
    amazon-ebs: Preparing to unpack .../10-java-common_0.63ubuntu1~02_all.deb ...
    amazon-ebs: Unpacking java-common (0.63ubuntu1~02) ...
    amazon-ebs: Selecting previously unselected package libavahi-common-data:amd64.
    amazon-ebs: Preparing to unpack .../11-libavahi-common-data_0.7-3.1ubuntu1.2_amd64.deb ...
    amazon-ebs: Unpacking libavahi-common-data:amd64 (0.7-3.1ubuntu1.2) ...
    amazon-ebs: Selecting previously unselected package libavahi-common3:amd64.
    amazon-ebs: Preparing to unpack .../12-libavahi-common3_0.7-3.1ubuntu1.2_amd64.deb ...
    amazon-ebs: Unpacking libavahi-common3:amd64 (0.7-3.1ubuntu1.2) ...
    amazon-ebs: Selecting previously unselected package libavahi-client3:amd64.
    amazon-ebs: Preparing to unpack .../13-libavahi-client3_0.7-3.1ubuntu1.2_amd64.deb ...
    amazon-ebs: Unpacking libavahi-client3:amd64 (0.7-3.1ubuntu1.2) ...
    amazon-ebs: Selecting previously unselected package libcups2:amd64.
    amazon-ebs: Preparing to unpack .../14-libcups2_2.2.7-1ubuntu2.3_amd64.deb ...
    amazon-ebs: Unpacking libcups2:amd64 (2.2.7-1ubuntu2.3) ...
    amazon-ebs: Selecting previously unselected package liblcms2-2:amd64.
    amazon-ebs: Preparing to unpack .../15-liblcms2-2_2.9-1ubuntu0.1_amd64.deb ...
    amazon-ebs: Unpacking liblcms2-2:amd64 (2.9-1ubuntu0.1) ...
    amazon-ebs: Selecting previously unselected package libjpeg8:amd64.
    amazon-ebs: Preparing to unpack .../16-libjpeg8_8c-2ubuntu8_amd64.deb ...
    amazon-ebs: Unpacking libjpeg8:amd64 (8c-2ubuntu8) ...
    amazon-ebs: Selecting previously unselected package fonts-dejavu-core.
    amazon-ebs: Preparing to unpack .../17-fonts-dejavu-core_2.37-1_all.deb ...
    amazon-ebs: Unpacking fonts-dejavu-core (2.37-1) ...
    amazon-ebs: Selecting previously unselected package fontconfig-config.
    amazon-ebs: Preparing to unpack .../18-fontconfig-config_2.12.6-0ubuntu2_all.deb ...
    amazon-ebs: Unpacking fontconfig-config (2.12.6-0ubuntu2) ...
    amazon-ebs: Selecting previously unselected package libfontconfig1:amd64.
    amazon-ebs: Preparing to unpack .../19-libfontconfig1_2.12.6-0ubuntu2_amd64.deb ...
    amazon-ebs: Unpacking libfontconfig1:amd64 (2.12.6-0ubuntu2) ...
    amazon-ebs: Selecting previously unselected package libnspr4:amd64.
    amazon-ebs: Preparing to unpack .../20-libnspr4_2%3a4.18-1ubuntu1_amd64.deb ...
    amazon-ebs: Unpacking libnspr4:amd64 (2:4.18-1ubuntu1) ...
    amazon-ebs: Selecting previously unselected package libnss3:amd64.
    amazon-ebs: Preparing to unpack .../21-libnss3_2%3a3.35-2ubuntu2.1_amd64.deb ...
    amazon-ebs: Unpacking libnss3:amd64 (2:3.35-2ubuntu2.1) ...
    amazon-ebs: Selecting previously unselected package libpcsclite1:amd64.
    amazon-ebs: Preparing to unpack .../22-libpcsclite1_1.8.23-1_amd64.deb ...
    amazon-ebs: Unpacking libpcsclite1:amd64 (1.8.23-1) ...
    amazon-ebs: Selecting previously unselected package libxi6:amd64.
    amazon-ebs: Preparing to unpack .../23-libxi6_2%3a1.7.9-1_amd64.deb ...
    amazon-ebs: Unpacking libxi6:amd64 (2:1.7.9-1) ...
    amazon-ebs: Selecting previously unselected package libxrender1:amd64.
    amazon-ebs: Preparing to unpack .../24-libxrender1_1%3a0.9.10-1_amd64.deb ...
    amazon-ebs: Unpacking libxrender1:amd64 (1:0.9.10-1) ...
    amazon-ebs: Selecting previously unselected package x11-common.
    amazon-ebs: Preparing to unpack .../25-x11-common_1%3a7.7+19ubuntu7.1_all.deb ...
    amazon-ebs: dpkg-query: no packages found matching nux-tools
    amazon-ebs: Unpacking x11-common (1:7.7+19ubuntu7.1) ...
    amazon-ebs: Selecting previously unselected package libxtst6:amd64.
    amazon-ebs: Preparing to unpack .../26-libxtst6_2%3a1.2.3-1_amd64.deb ...
    amazon-ebs: Unpacking libxtst6:amd64 (2:1.2.3-1) ...
    amazon-ebs: Selecting previously unselected package openjdk-11-jre-headless:amd64.
    amazon-ebs: Preparing to unpack .../27-openjdk-11-jre-headless_10.0.2+13-1ubuntu0.18.04.4_amd64.deb ...
    amazon-ebs: Unpacking openjdk-11-jre-headless:amd64 (10.0.2+13-1ubuntu0.18.04.4) ...
    amazon-ebs: Selecting previously unselected package default-jre-headless.
    amazon-ebs: Preparing to unpack .../28-default-jre-headless_2%3a1.10-63ubuntu1~02_amd64.deb ...
    amazon-ebs: Unpacking default-jre-headless (2:1.10-63ubuntu1~02) ...
    amazon-ebs: Selecting previously unselected package ca-certificates-java.
    amazon-ebs: Preparing to unpack .../29-ca-certificates-java_20180516ubuntu1~18.04.1_all.deb ...
    amazon-ebs: Unpacking ca-certificates-java (20180516ubuntu1~18.04.1) ...
    amazon-ebs: Selecting previously unselected package libcommons-collections3-java.
    amazon-ebs: Preparing to unpack .../30-libcommons-collections3-java_3.2.2-1_all.deb ...
    amazon-ebs: Unpacking libcommons-collections3-java (3.2.2-1) ...
    amazon-ebs: Selecting previously unselected package libcommons-pool-java.
    amazon-ebs: Preparing to unpack .../31-libcommons-pool-java_1.6-3_all.deb ...
    amazon-ebs: Unpacking libcommons-pool-java (1.6-3) ...
    amazon-ebs: Selecting previously unselected package libcommons-dbcp-java.
    amazon-ebs: Preparing to unpack .../32-libcommons-dbcp-java_1.4-5ubuntu2_all.deb ...
    amazon-ebs: Unpacking libcommons-dbcp-java (1.4-5ubuntu2) ...
    amazon-ebs: Selecting previously unselected package libecj-java.
    amazon-ebs: Preparing to unpack .../33-libecj-java_3.13.3-1_all.deb ...
    amazon-ebs: Unpacking libecj-java (3.13.3-1) ...
    amazon-ebs: Selecting previously unselected package libtaglibs-standard-spec-java.
    amazon-ebs: Preparing to unpack .../34-libtaglibs-standard-spec-java_1.2.5-2_all.deb ...
    amazon-ebs: Unpacking libtaglibs-standard-spec-java (1.2.5-2) ...
    amazon-ebs: Selecting previously unselected package libtaglibs-standard-impl-java.
    amazon-ebs: Preparing to unpack .../35-libtaglibs-standard-impl-java_1.2.5-2_all.deb ...
    amazon-ebs: Unpacking libtaglibs-standard-impl-java (1.2.5-2) ...
    amazon-ebs: Selecting previously unselected package libtomcat8-java.
    amazon-ebs: Preparing to unpack .../36-libtomcat8-java_8.5.30-1ubuntu1.4_all.deb ...
    amazon-ebs: Unpacking libtomcat8-java (8.5.30-1ubuntu1.4) ...
    amazon-ebs: Selecting previously unselected package ssl-cert.
    amazon-ebs: Preparing to unpack .../37-ssl-cert_1.0.39_all.deb ...
    amazon-ebs: Unpacking ssl-cert (1.0.39) ...
    amazon-ebs: Selecting previously unselected package tomcat8-common.
    amazon-ebs: Preparing to unpack .../38-tomcat8-common_8.5.30-1ubuntu1.4_all.deb ...
    amazon-ebs: Unpacking tomcat8-common (8.5.30-1ubuntu1.4) ...
    amazon-ebs: Selecting previously unselected package tomcat8.
    amazon-ebs: Preparing to unpack .../39-tomcat8_8.5.30-1ubuntu1.4_all.deb ...
    amazon-ebs: Unpacking tomcat8 (8.5.30-1ubuntu1.4) ...
    amazon-ebs: Selecting previously unselected package tomcat8-admin.
    amazon-ebs: Preparing to unpack .../40-tomcat8-admin_8.5.30-1ubuntu1.4_all.deb ...
    amazon-ebs: Unpacking tomcat8-admin (8.5.30-1ubuntu1.4) ...
    amazon-ebs: Selecting previously unselected package tomcat8-docs.
    amazon-ebs: Preparing to unpack .../41-tomcat8-docs_8.5.30-1ubuntu1.4_all.deb ...
    amazon-ebs: Unpacking tomcat8-docs (8.5.30-1ubuntu1.4) ...
    amazon-ebs: Selecting previously unselected package tomcat8-examples.
    amazon-ebs: Preparing to unpack .../42-tomcat8-examples_8.5.30-1ubuntu1.4_all.deb ...
    amazon-ebs: Unpacking tomcat8-examples (8.5.30-1ubuntu1.4) ...
    amazon-ebs: Selecting previously unselected package authbind.
    amazon-ebs: Preparing to unpack .../43-authbind_2.1.2_amd64.deb ...
    amazon-ebs: Unpacking authbind (2.1.2) ...
    amazon-ebs: Selecting previously unselected package libtcnative-1:amd64.
    amazon-ebs: Preparing to unpack .../44-libtcnative-1_1.2.16-1build1_amd64.deb ...
    amazon-ebs: Unpacking libtcnative-1:amd64 (1.2.16-1build1) ...
    amazon-ebs: Setting up libxi6:amd64 (2:1.7.9-1) ...
    amazon-ebs: Setting up libapr1:amd64 (1.6.3-2) ...
    amazon-ebs: Processing triggers for ufw (0.35-5) ...
    amazon-ebs: Setting up libcommons-collections3-java (3.2.2-1) ...
    amazon-ebs: Processing triggers for ureadahead (0.100.0-20) ...
    amazon-ebs: Setting up liblcms2-2:amd64 (2.9-1ubuntu0.1) ...
    amazon-ebs: Setting up libpcsclite1:amd64 (1.8.23-1) ...
    amazon-ebs: Setting up fonts-dejavu-core (2.37-1) ...
    amazon-ebs: Setting up java-common (0.63ubuntu1~02) ...
    amazon-ebs: Setting up apache2-data (2.4.29-1ubuntu4.5) ...
    amazon-ebs: Setting up ssl-cert (1.0.39) ...
    amazon-ebs: debconf: unable to initialize frontend: Dialog
    amazon-ebs: debconf: (Dialog frontend will not work on a dumb terminal, an emacs shell buffer, or without a controlling terminal.)
    amazon-ebs: debconf: falling back to frontend: Readline
    amazon-ebs: Setting up libjpeg-turbo8:amd64 (1.5.2-0ubuntu5.18.04.1) ...
    amazon-ebs: Setting up libnspr4:amd64 (2:4.18-1ubuntu1) ...
    amazon-ebs: Setting up libtaglibs-standard-spec-java (1.2.5-2) ...
    amazon-ebs: Setting up authbind (2.1.2) ...
    amazon-ebs: Setting up libecj-java (3.13.3-1) ...
    amazon-ebs: Processing triggers for libc-bin (2.27-3ubuntu1) ...
    amazon-ebs: Setting up libaprutil1:amd64 (1.6.1-2) ...
    amazon-ebs: Setting up libcommons-pool-java (1.6-3) ...
    amazon-ebs: Processing triggers for systemd (237-3ubuntu10.11) ...
    amazon-ebs: Setting up libtcnative-1:amd64 (1.2.16-1build1) ...
    amazon-ebs: Setting up libxrender1:amd64 (1:0.9.10-1) ...
    amazon-ebs: Processing triggers for man-db (2.8.3-2ubuntu0.1) ...
    amazon-ebs: Setting up liblua5.2-0:amd64 (5.2.4-1.1build1) ...
    amazon-ebs: Setting up x11-common (1:7.7+19ubuntu7.1) ...
    amazon-ebs: debconf: unable to initialize frontend: Dialog
    amazon-ebs: debconf: (Dialog frontend will not work on a dumb terminal, an emacs shell buffer, or without a controlling terminal.)
    amazon-ebs: debconf: falling back to frontend: Readline
    amazon-ebs: update-rc.d: warning: start and stop actions are no longer supported; falling back to defaults
    amazon-ebs: Processing triggers for ca-certificates (20180409) ...
    amazon-ebs: Updating certificates in /etc/ssl/certs...
    amazon-ebs: 0 added, 0 removed; done.
    amazon-ebs: Running hooks in /etc/ca-certificates/update.d...
    amazon-ebs: done.
    amazon-ebs: Setting up libavahi-common-data:amd64 (0.7-3.1ubuntu1.2) ...
    amazon-ebs: Setting up libaprutil1-ldap:amd64 (1.6.1-2) ...
    amazon-ebs: Setting up libjpeg8:amd64 (8c-2ubuntu8) ...
    amazon-ebs: Setting up fontconfig-config (2.12.6-0ubuntu2) ...
    amazon-ebs: Setting up libaprutil1-dbd-sqlite3:amd64 (1.6.1-2) ...
    amazon-ebs: Setting up apache2-utils (2.4.29-1ubuntu4.5) ...
    amazon-ebs: Setting up apache2-bin (2.4.29-1ubuntu4.5) ...
    amazon-ebs: Setting up libnss3:amd64 (2:3.35-2ubuntu2.1) ...
    amazon-ebs: Setting up libtomcat8-java (8.5.30-1ubuntu1.4) ...
    amazon-ebs: Setting up libtaglibs-standard-impl-java (1.2.5-2) ...
    amazon-ebs: Setting up libcommons-dbcp-java (1.4-5ubuntu2) ...
    amazon-ebs: Setting up libxtst6:amd64 (2:1.2.3-1) ...
    amazon-ebs: Setting up libavahi-common3:amd64 (0.7-3.1ubuntu1.2) ...
    amazon-ebs: Setting up libfontconfig1:amd64 (2.12.6-0ubuntu2) ...
    amazon-ebs: Setting up apache2 (2.4.29-1ubuntu4.5) ...
    amazon-ebs: Enabling module mpm_event.
    amazon-ebs: Enabling module authz_core.
    amazon-ebs: Enabling module authz_host.
    amazon-ebs: Enabling module authn_core.
    amazon-ebs: Enabling module auth_basic.
    amazon-ebs: Enabling module access_compat.
    amazon-ebs: Enabling module authn_file.
    amazon-ebs: Enabling module authz_user.
    amazon-ebs: Enabling module alias.
    amazon-ebs: Enabling module dir.
    amazon-ebs: Enabling module autoindex.
    amazon-ebs: Enabling module env.
    amazon-ebs: Enabling module mime.
    amazon-ebs: Enabling module negotiation.
    amazon-ebs: Enabling module setenvif.
    amazon-ebs: Enabling module filter.
    amazon-ebs: Enabling module deflate.
    amazon-ebs: Enabling module status.
    amazon-ebs: Enabling module reqtimeout.
    amazon-ebs: Enabling conf charset.
    amazon-ebs: Enabling conf localized-error-pages.
    amazon-ebs: Enabling conf other-vhosts-access-log.
    amazon-ebs: Enabling conf security.
    amazon-ebs: Enabling conf serve-cgi-bin.
    amazon-ebs: Enabling site 000-default.
    amazon-ebs: Created symlink /etc/systemd/system/multi-user.target.wants/apache2.service → /lib/systemd/system/apache2.service.
    amazon-ebs: Created symlink /etc/systemd/system/multi-user.target.wants/apache-htcacheclean.service → /lib/systemd/system/apache-htcacheclean.service.
    amazon-ebs: Setting up libavahi-client3:amd64 (0.7-3.1ubuntu1.2) ...
    amazon-ebs: Setting up libcups2:amd64 (2.2.7-1ubuntu2.3) ...
    amazon-ebs: Setting up openjdk-11-jre-headless:amd64 (10.0.2+13-1ubuntu0.18.04.4) ...
    amazon-ebs: update-alternatives: using /usr/lib/jvm/java-11-openjdk-amd64/bin/rmid to provide /usr/bin/rmid (rmid) in auto mode
    amazon-ebs: update-alternatives: using /usr/lib/jvm/java-11-openjdk-amd64/bin/java to provide /usr/bin/java (java) in auto mode
    amazon-ebs: update-alternatives: using /usr/lib/jvm/java-11-openjdk-amd64/bin/keytool to provide /usr/bin/keytool (keytool) in auto mode
    amazon-ebs: update-alternatives: using /usr/lib/jvm/java-11-openjdk-amd64/bin/jjs to provide /usr/bin/jjs (jjs) in auto mode
    amazon-ebs: update-alternatives: using /usr/lib/jvm/java-11-openjdk-amd64/bin/pack200 to provide /usr/bin/pack200 (pack200) in auto mode
    amazon-ebs: update-alternatives: using /usr/lib/jvm/java-11-openjdk-amd64/bin/rmiregistry to provide /usr/bin/rmiregistry (rmiregistry) in auto mode
    amazon-ebs: update-alternatives: using /usr/lib/jvm/java-11-openjdk-amd64/bin/unpack200 to provide /usr/bin/unpack200 (unpack200) in auto mode
    amazon-ebs: update-alternatives: using /usr/lib/jvm/java-11-openjdk-amd64/bin/orbd to provide /usr/bin/orbd (orbd) in auto mode
    amazon-ebs: update-alternatives: using /usr/lib/jvm/java-11-openjdk-amd64/bin/servertool to provide /usr/bin/servertool (servertool) in auto mode
    amazon-ebs: update-alternatives: using /usr/lib/jvm/java-11-openjdk-amd64/bin/tnameserv to provide /usr/bin/tnameserv (tnameserv) in auto mode
    amazon-ebs: update-alternatives: using /usr/lib/jvm/java-11-openjdk-amd64/lib/jexec to provide /usr/bin/jexec (jexec) in auto mode
    amazon-ebs: Setting up tomcat8-common (8.5.30-1ubuntu1.4) ...
    amazon-ebs: Setting up tomcat8 (8.5.30-1ubuntu1.4) ...
    amazon-ebs: debconf: unable to initialize frontend: Dialog
    amazon-ebs: debconf: (Dialog frontend will not work on a dumb terminal, an emacs shell buffer, or without a controlling terminal.)
    amazon-ebs: debconf: falling back to frontend: Readline
    amazon-ebs:
    amazon-ebs: Creating config file /etc/default/tomcat8 with new version
    amazon-ebs: Adding system user `tomcat8' (UID 111) ...
    amazon-ebs: Adding new user `tomcat8' (UID 111) with group `tomcat8' ...
    amazon-ebs: Not creating home directory `/var/lib/tomcat8'.
    amazon-ebs:
    amazon-ebs: Creating config file /etc/logrotate.d/tomcat8 with new version
    amazon-ebs: Setting up tomcat8-docs (8.5.30-1ubuntu1.4) ...
    amazon-ebs: Setting up default-jre-headless (2:1.10-63ubuntu1~02) ...
    amazon-ebs: Setting up ca-certificates-java (20180516ubuntu1~18.04.1) ...
    amazon-ebs: head: cannot open '/etc/ssl/certs/java/cacerts' for reading: No such file or directory
    amazon-ebs: Adding debian:SecureSign_RootCA11.pem
    amazon-ebs: Adding debian:D-TRUST_Root_Class_3_CA_2_EV_2009.pem
    amazon-ebs: Adding debian:Go_Daddy_Root_Certificate_Authority_-_G2.pem
    amazon-ebs: Adding debian:Comodo_AAA_Services_root.pem
    amazon-ebs: Adding debian:COMODO_Certification_Authority.pem
    amazon-ebs: Adding debian:Amazon_Root_CA_1.pem
    amazon-ebs: Adding debian:GlobalSign_Root_CA_-_R3.pem
    amazon-ebs: Adding debian:Amazon_Root_CA_3.pem
    amazon-ebs: Adding debian:SSL.com_Root_Certification_Authority_RSA.pem
    amazon-ebs: Adding debian:TrustCor_RootCert_CA-2.pem
    amazon-ebs: Adding debian:CFCA_EV_ROOT.pem
    amazon-ebs: Adding debian:USERTrust_RSA_Certification_Authority.pem
    amazon-ebs: Adding debian:Buypass_Class_3_Root_CA.pem
    amazon-ebs: Adding debian:Hellenic_Academic_and_Research_Institutions_RootCA_2015.pem
    amazon-ebs: Adding debian:GeoTrust_Primary_Certification_Authority.pem
    amazon-ebs: Adding debian:NetLock_Arany_=Class_Gold=_Főtanúsítvány.pem
    amazon-ebs: Adding debian:T-TeleSec_GlobalRoot_Class_2.pem
    amazon-ebs: Adding debian:certSIGN_ROOT_CA.pem
    amazon-ebs: Adding debian:USERTrust_ECC_Certification_Authority.pem
    amazon-ebs: Adding debian:Baltimore_CyberTrust_Root.pem
    amazon-ebs: Adding debian:AC_RAIZ_FNMT-RCM.pem
    amazon-ebs: Adding debian:Chambers_of_Commerce_Root_-_2008.pem
    amazon-ebs: Adding debian:TÜRKTRUST_Elektronik_Sertifika_Hizmet_Sağlayıcısı_H5.pem
    amazon-ebs: Adding debian:TrustCor_ECA-1.pem
    amazon-ebs: Adding debian:EC-ACC.pem
    amazon-ebs: Adding debian:Certplus_Class_2_Primary_CA.pem
    amazon-ebs: Adding debian:Global_Chambersign_Root_-_2008.pem
    amazon-ebs: Adding debian:Deutsche_Telekom_Root_CA_2.pem
    amazon-ebs: Adding debian:XRamp_Global_CA_Root.pem
    amazon-ebs: Adding debian:COMODO_RSA_Certification_Authority.pem
    amazon-ebs: Adding debian:ssl-cert-snakeoil.pem
    amazon-ebs: Adding debian:Certum_Trusted_Network_CA.pem
    amazon-ebs: Adding debian:Staat_der_Nederlanden_Root_CA_-_G3.pem
    amazon-ebs: Adding debian:thawte_Primary_Root_CA_-_G3.pem
    amazon-ebs: Adding debian:Secure_Global_CA.pem
    amazon-ebs: Adding debian:AddTrust_External_Root.pem
    amazon-ebs: Adding debian:GlobalSign_Root_CA.pem
    amazon-ebs: Adding debian:Certplus_Root_CA_G1.pem
    amazon-ebs: Adding debian:Hellenic_Academic_and_Research_Institutions_ECC_RootCA_2015.pem
    amazon-ebs: Adding debian:VeriSign_Universal_Root_Certification_Authority.pem
    amazon-ebs: Adding debian:GeoTrust_Universal_CA.pem
    amazon-ebs: Adding debian:QuoVadis_Root_CA_2_G3.pem
    amazon-ebs: Adding debian:GeoTrust_Primary_Certification_Authority_-_G3.pem
    amazon-ebs: Adding debian:Security_Communication_RootCA2.pem
    amazon-ebs: Adding debian:OpenTrust_Root_CA_G3.pem
    amazon-ebs: Adding debian:Actalis_Authentication_Root_CA.pem
    amazon-ebs: Adding debian:QuoVadis_Root_CA_3.pem
    amazon-ebs: Adding debian:Certinomis_-_Root_CA.pem
    amazon-ebs: Adding debian:OISTE_WISeKey_Global_Root_GA_CA.pem
    amazon-ebs: Adding debian:Cybertrust_Global_Root.pem
    amazon-ebs: Adding debian:Autoridad_de_Certificacion_Firmaprofesional_CIF_A62634068.pem
    amazon-ebs: Adding debian:ACCVRAIZ1.pem
    amazon-ebs: Adding debian:OpenTrust_Root_CA_G1.pem
    amazon-ebs: Adding debian:DigiCert_Global_Root_CA.pem
    amazon-ebs: Adding debian:VeriSign_Class_3_Public_Primary_Certification_Authority_-_G4.pem
    amazon-ebs: Adding debian:TrustCor_RootCert_CA-1.pem
    amazon-ebs: Adding debian:LuxTrust_Global_Root_2.pem
    amazon-ebs: Adding debian:VeriSign_Class_3_Public_Primary_Certification_Authority_-_G5.pem
    amazon-ebs: Adding debian:TUBITAK_Kamu_SM_SSL_Kok_Sertifikasi_-_Surum_1.pem
    amazon-ebs: Adding debian:D-TRUST_Root_Class_3_CA_2_2009.pem
    amazon-ebs: Adding debian:Microsec_e-Szigno_Root_CA_2009.pem
    amazon-ebs: Adding debian:DigiCert_Global_Root_G2.pem
    amazon-ebs: Adding debian:GeoTrust_Universal_CA_2.pem
    amazon-ebs: Adding debian:AffirmTrust_Commercial.pem
    amazon-ebs: Adding debian:GeoTrust_Primary_Certification_Authority_-_G2.pem
    amazon-ebs: Adding debian:Starfield_Class_2_CA.pem
    amazon-ebs: Adding debian:TeliaSonera_Root_CA_v1.pem
    amazon-ebs: Adding debian:OpenTrust_Root_CA_G2.pem
    amazon-ebs: Adding debian:EE_Certification_Centre_Root_CA.pem
    amazon-ebs: Adding debian:Sonera_Class_2_Root_CA.pem
    amazon-ebs: Adding debian:AffirmTrust_Networking.pem
    amazon-ebs: Adding debian:SwissSign_Silver_CA_-_G2.pem
    amazon-ebs: Adding debian:ePKI_Root_Certification_Authority.pem
    amazon-ebs: Adding debian:GlobalSign_Root_CA_-_R2.pem
    amazon-ebs: Adding debian:IdenTrust_Commercial_Root_CA_1.pem
    amazon-ebs: Adding debian:SwissSign_Gold_CA_-_G2.pem
    amazon-ebs: Adding debian:GeoTrust_Global_CA.pem
    amazon-ebs: Adding debian:Entrust_Root_Certification_Authority.pem
    amazon-ebs: Adding debian:Entrust.net_Premium_2048_Secure_Server_CA.pem
    amazon-ebs: Adding debian:QuoVadis_Root_CA_3_G3.pem
    amazon-ebs: Adding debian:Izenpe.com.pem
    amazon-ebs: Adding debian:DigiCert_High_Assurance_EV_Root_CA.pem
    amazon-ebs: Adding debian:DigiCert_Global_Root_G3.pem
    amazon-ebs: Adding debian:SSL.com_EV_Root_Certification_Authority_ECC.pem
    amazon-ebs: Adding debian:GlobalSign_ECC_Root_CA_-_R4.pem
    amazon-ebs: Adding debian:CA_Disig_Root_R2.pem
    amazon-ebs: Adding debian:thawte_Primary_Root_CA_-_G2.pem
    amazon-ebs: Adding debian:TWCA_Root_Certification_Authority.pem
    amazon-ebs: Adding debian:Staat_der_Nederlanden_EV_Root_CA.pem
    amazon-ebs: Adding debian:SZAFIR_ROOT_CA2.pem
    amazon-ebs: Adding debian:Entrust_Root_Certification_Authority_-_G2.pem
    amazon-ebs: Adding debian:DigiCert_Assured_ID_Root_CA.pem
    amazon-ebs: Adding debian:DigiCert_Assured_ID_Root_G2.pem
    amazon-ebs: Adding debian:Security_Communication_Root_CA.pem
    amazon-ebs: Adding debian:T-TeleSec_GlobalRoot_Class_3.pem
    amazon-ebs: Adding debian:Taiwan_GRCA.pem
    amazon-ebs: Adding debian:OISTE_WISeKey_Global_Root_GB_CA.pem
    amazon-ebs: Adding debian:Starfield_Root_Certificate_Authority_-_G2.pem
    amazon-ebs: Adding debian:Network_Solutions_Certificate_Authority.pem
    amazon-ebs: Adding debian:Verisign_Class_3_Public_Primary_Certification_Authority_-_G3.pem
    amazon-ebs: Adding debian:Amazon_Root_CA_4.pem
    amazon-ebs: Adding debian:Trustis_FPS_Root_CA.pem
    amazon-ebs: Adding debian:thawte_Primary_Root_CA.pem
    amazon-ebs: Adding debian:ISRG_Root_X1.pem
    amazon-ebs: Adding debian:GlobalSign_ECC_Root_CA_-_R5.pem
    amazon-ebs: Adding debian:DigiCert_Assured_ID_Root_G3.pem
    amazon-ebs: Adding debian:TWCA_Global_Root_CA.pem
    amazon-ebs: Adding debian:Starfield_Services_Root_Certificate_Authority_-_G2.pem
    amazon-ebs: Adding debian:GDCA_TrustAUTH_R5_ROOT.pem
    amazon-ebs: Adding debian:Hongkong_Post_Root_CA_1.pem
    amazon-ebs: Adding debian:Certum_Trusted_Network_CA_2.pem
    amazon-ebs: Adding debian:SSL.com_Root_Certification_Authority_ECC.pem
    amazon-ebs: Adding debian:AffirmTrust_Premium.pem
    amazon-ebs: Adding debian:Staat_der_Nederlanden_Root_CA_-_G2.pem
    amazon-ebs: Adding debian:AffirmTrust_Premium_ECC.pem
    amazon-ebs: Adding debian:SSL.com_EV_Root_Certification_Authority_RSA_R2.pem
    amazon-ebs: Adding debian:Entrust_Root_Certification_Authority_-_EC1.pem
    amazon-ebs: Adding debian:QuoVadis_Root_CA_1_G3.pem
    amazon-ebs: Adding debian:Hellenic_Academic_and_Research_Institutions_RootCA_2011.pem
    amazon-ebs: Adding debian:Buypass_Class_2_Root_CA.pem
    amazon-ebs: Adding debian:QuoVadis_Root_CA.pem
    amazon-ebs: Adding debian:IdenTrust_Public_Sector_Root_CA_1.pem
    amazon-ebs: Adding debian:DST_Root_CA_X3.pem
    amazon-ebs: Adding debian:Amazon_Root_CA_2.pem
    amazon-ebs: Adding debian:COMODO_ECC_Certification_Authority.pem
    amazon-ebs: Adding debian:Certplus_Root_CA_G2.pem
    amazon-ebs: Adding debian:Go_Daddy_Class_2_CA.pem
    amazon-ebs: Adding debian:SecureTrust_CA.pem
    amazon-ebs: Adding debian:Certigna.pem
    amazon-ebs: Adding debian:QuoVadis_Root_CA_2.pem
    amazon-ebs: Adding debian:E-Tugra_Certification_Authority.pem
    amazon-ebs: Adding debian:Atos_TrustedRoot_2011.pem
    amazon-ebs: Adding debian:DigiCert_Trusted_Root_G4.pem
    amazon-ebs: Adding debian:Visa_eCommerce_Root.pem
    amazon-ebs: done.
    amazon-ebs: Setting up tomcat8-admin (8.5.30-1ubuntu1.4) ...
    amazon-ebs: Setting up tomcat8-examples (8.5.30-1ubuntu1.4) ...
    amazon-ebs: Processing triggers for libc-bin (2.27-3ubuntu1) ...
    amazon-ebs: Processing triggers for ureadahead (0.100.0-20) ...
    amazon-ebs: Processing triggers for systemd (237-3ubuntu10.11) ...
    amazon-ebs: Processing triggers for ufw (0.35-5) ...
    amazon-ebs: Processing triggers for ca-certificates (20180409) ...
    amazon-ebs: Updating certificates in /etc/ssl/certs...
    amazon-ebs: 0 added, 0 removed; done.
    amazon-ebs: Running hooks in /etc/ca-certificates/update.d...
    amazon-ebs:
    amazon-ebs: done.
    amazon-ebs: done.
==> amazon-ebs: Stopping the source instance...
    amazon-ebs: Stopping instance, attempt 1
==> amazon-ebs: Waiting for the instance to stop...
==> amazon-ebs: Creating unencrypted AMI csye6225_1549728954 from instance i-0feca11ba239dfd78
    amazon-ebs: AMI: ami-072efd97ec2aa1591
==> amazon-ebs: Waiting for AMI to become ready...
==> amazon-ebs: Terminating the source AWS instance...
==> amazon-ebs: Cleaning up any extra volumes...
==> amazon-ebs: No volumes to clean up, skipping
==> amazon-ebs: Deleting temporary security group...
==> amazon-ebs: Deleting temporary keypair...
Build 'amazon-ebs' finished.

==> Builds finished. The artifacts of successful builds are:
--> amazon-ebs: AMIs were created:
us-east-1: ami-072efd97ec2aa1591
